<?xml version="1.0" encoding="UTF-8"?>
<!-- Generated by org.testng.reporters.JUnitXMLReporter -->
<testsuite ignored="7" hostname="LAPTOP-FE8I8AGL" failures="2" tests="10" name="Default test" time="192.024" errors="0" timestamp="15 Aug 2021 15:38:03 GMT">
  <testcase classname="com.mystore.tests.AddToCartPageTest" name="addToCartTest" time="7.776"/>
  <testcase classname="com.mystore.tests.IndexPageTest" name="verifyLogo" time="0.011">
    <failure type="java.lang.NullPointerException" message="Cannot invoke &amp;quot;com.mystore.pages.IndexPage.validateLogo()&amp;quot; because &amp;quot;this.indexPage&amp;quot; is null">
      <![CDATA[java.lang.NullPointerException: Cannot invoke "com.mystore.pages.IndexPage.validateLogo()" because "this.indexPage" is null
at com.mystore.tests.IndexPageTest.verifyLogo(IndexPageTest.java:28)
at java.base/jdk.internal.reflect.NativeMethodAccessorImpl.invoke0(Native Method)
at java.base/jdk.internal.reflect.NativeMethodAccessorImpl.invoke(NativeMethodAccessorImpl.java:78)
at java.base/jdk.internal.reflect.DelegatingMethodAccessorImpl.invoke(DelegatingMethodAccessorImpl.java:43)
at java.base/java.lang.reflect.Method.invoke(Method.java:567)
at org.testng.internal.MethodInvocationHelper.invokeMethod(MethodInvocationHelper.java:124)
at org.testng.internal.Invoker.invokeMethod(Invoker.java:583)
at org.testng.internal.Invoker.invokeTestMethod(Invoker.java:719)
at org.testng.internal.Invoker.invokeTestMethods(Invoker.java:989)
at org.testng.internal.TestMethodWorker.invokeTestMethods(TestMethodWorker.java:125)
at org.testng.internal.TestMethodWorker.run(TestMethodWorker.java:109)
at org.testng.TestRunner.privateRun(TestRunner.java:648)
at org.testng.TestRunner.run(TestRunner.java:505)
at org.testng.SuiteRunner.runTest(SuiteRunner.java:455)
at org.testng.SuiteRunner.runSequentially(SuiteRunner.java:450)
at org.testng.SuiteRunner.privateRun(SuiteRunner.java:415)
at org.testng.SuiteRunner.run(SuiteRunner.java:364)
at org.testng.SuiteRunnerWorker.runSuite(SuiteRunnerWorker.java:52)
at org.testng.SuiteRunnerWorker.run(SuiteRunnerWorker.java:84)
at org.testng.TestNG.runSuitesSequentially(TestNG.java:1208)
at org.testng.TestNG.runSuitesLocally(TestNG.java:1137)
at org.testng.TestNG.runSuites(TestNG.java:1049)
at org.testng.TestNG.run(TestNG.java:1017)
at org.testng.remote.AbstractRemoteTestNG.run(AbstractRemoteTestNG.java:115)
at org.testng.remote.RemoteTestNG.initAndRun(RemoteTestNG.java:251)
at org.testng.remote.RemoteTestNG.main(RemoteTestNG.java:77)
]]>
    </failure>
  </testcase> <!-- verifyLogo -->
  <testcase classname="com.mystore.tests.IndexPageTest" name="verifyTitle" time="0.019"/>
  <testcase classname="com.mystore.tests.EndToEndTest" name="endToEndTest" time="41.46"/>
  <testcase classname="com.mystore.tests.OrderPageTest" name="verifyTotalPrice" time="9.09">
    <failure type="java.lang.AssertionError" message="expected [35.02] but found [16.51]">
      <![CDATA[java.lang.AssertionError: expected [35.02] but found [16.51]
at org.testng.Assert.fail(Assert.java:96)
at org.testng.Assert.failNotEquals(Assert.java:776)
at org.testng.Assert.assertEqualsImpl(Assert.java:137)
at org.testng.Assert.assertEquals(Assert.java:118)
at org.testng.Assert.assertEquals(Assert.java:442)
at com.mystore.tests.OrderPageTest.verifyTotalPrice(OrderPageTest.java:47)
at java.base/jdk.internal.reflect.NativeMethodAccessorImpl.invoke0(Native Method)
at java.base/jdk.internal.reflect.NativeMethodAccessorImpl.invoke(NativeMethodAccessorImpl.java:78)
at java.base/jdk.internal.reflect.DelegatingMethodAccessorImpl.invoke(DelegatingMethodAccessorImpl.java:43)
at java.base/java.lang.reflect.Method.invoke(Method.java:567)
at org.testng.internal.MethodInvocationHelper.invokeMethod(MethodInvocationHelper.java:124)
at org.testng.internal.Invoker.invokeMethod(Invoker.java:583)
at org.testng.internal.Invoker.invokeTestMethod(Invoker.java:719)
at org.testng.internal.Invoker.invokeTestMethods(Invoker.java:989)
at org.testng.internal.TestMethodWorker.invokeTestMethods(TestMethodWorker.java:125)
at org.testng.internal.TestMethodWorker.run(TestMethodWorker.java:109)
at org.testng.TestRunner.privateRun(TestRunner.java:648)
at org.testng.TestRunner.run(TestRunner.java:505)
at org.testng.SuiteRunner.runTest(SuiteRunner.java:455)
at org.testng.SuiteRunner.runSequentially(SuiteRunner.java:450)
at org.testng.SuiteRunner.privateRun(SuiteRunner.java:415)
at org.testng.SuiteRunner.run(SuiteRunner.java:364)
at org.testng.SuiteRunnerWorker.runSuite(SuiteRunnerWorker.java:52)
at org.testng.SuiteRunnerWorker.run(SuiteRunnerWorker.java:84)
at org.testng.TestNG.runSuitesSequentially(TestNG.java:1208)
at org.testng.TestNG.runSuitesLocally(TestNG.java:1137)
at org.testng.TestNG.runSuites(TestNG.java:1049)
at org.testng.TestNG.run(TestNG.java:1017)
at org.testng.remote.AbstractRemoteTestNG.run(AbstractRemoteTestNG.java:115)
at org.testng.remote.RemoteTestNG.initAndRun(RemoteTestNG.java:251)
at org.testng.remote.RemoteTestNG.main(RemoteTestNG.java:77)
]]>
    </failure>
  </testcase> <!-- verifyTotalPrice -->
  <testcase classname="com.mystore.tests.SearchResultPageTest" name="productAvailabilityTest" time="2.065"/>
  <testcase classname="com.mystore.tests.AccountCreationPageTest" name="verifyCreateAccountPageTest" time="5.797"/>
  <testcase classname="com.mystore.tests.HomePageTest" name="OrderListTest" time="5.246"/>
  <testcase classname="com.mystore.tests.HomePageTest" name="wishListTest" time="8.582"/>
  <testcase classname="com.mystore.tests.LoginPageTest" name="loginTest" time="8.902"/>
  <testcase classname="com.mysrtore.base.BaseClass" name="@BeforeTest LoadConfig" time="0.0">
    <ignored/>
  </testcase> <!-- @BeforeTest LoadConfig -->
  <testcase classname="com.mysrtore.base.BaseClass" name="@BeforeTest LoadConfig" time="0.0">
    <ignored/>
  </testcase> <!-- @BeforeTest LoadConfig -->
  <testcase classname="com.mysrtore.base.BaseClass" name="@BeforeTest LoadConfig" time="0.0">
    <ignored/>
  </testcase> <!-- @BeforeTest LoadConfig -->
  <testcase classname="com.mysrtore.base.BaseClass" name="@BeforeTest LoadConfig" time="0.0">
    <ignored/>
  </testcase> <!-- @BeforeTest LoadConfig -->
  <testcase classname="com.mysrtore.base.BaseClass" name="@BeforeTest LoadConfig" time="0.0">
    <ignored/>
  </testcase> <!-- @BeforeTest LoadConfig -->
  <testcase classname="com.mysrtore.base.BaseClass" name="@BeforeTest LoadConfig" time="0.0">
    <ignored/>
  </testcase> <!-- @BeforeTest LoadConfig -->
  <testcase classname="com.mysrtore.base.BaseClass" name="@BeforeTest LoadConfig" time="0.0">
    <ignored/>
  </testcase> <!-- @BeforeTest LoadConfig -->
</testsuite> <!-- Default test -->
