<?xml version="1.0" encoding="UTF-8"?>
<testng-results ignored="7" total="17" passed="8" failed="2" skipped="0">
  <reporter-output>
  </reporter-output>
  <suite started-at="2021-08-15T15:34:51Z" name="Default suite" finished-at="2021-08-15T15:38:03Z" duration-ms="192024">
    <groups>
    </groups>
    <test started-at="2021-08-15T15:34:51Z" name="Default test" finished-at="2021-08-15T15:38:03Z" duration-ms="192024">
      <class name="com.mystore.tests.AddToCartPageTest">
        <test-method is-config="true" signature="LoadConfig()[pri:0, instance:com.mystore.tests.AddToCartPageTest@51d9b06c]" started-at="2021-08-15T15:34:51Z" name="LoadConfig" finished-at="2021-08-15T15:34:51Z" duration-ms="89" status="PASS">
          <reporter-output>
          </reporter-output>
        </test-method> <!-- LoadConfig -->
        <test-method is-config="true" signature="setUp()[pri:0, instance:com.mystore.tests.AddToCartPageTest@51d9b06c]" started-at="2021-08-15T15:34:51Z" name="setUp" finished-at="2021-08-15T15:35:07Z" duration-ms="15325" status="PASS">
          <reporter-output>
          </reporter-output>
        </test-method> <!-- setUp -->
        <test-method signature="addToCartTest()[pri:0, instance:com.mystore.tests.AddToCartPageTest@51d9b06c]" started-at="2021-08-15T15:35:07Z" name="addToCartTest" finished-at="2021-08-15T15:35:15Z" duration-ms="7776" status="PASS">
          <reporter-output>
          </reporter-output>
        </test-method> <!-- addToCartTest -->
        <test-method is-config="true" signature="tearDown()[pri:0, instance:com.mystore.tests.AddToCartPageTest@51d9b06c]" started-at="2021-08-15T15:35:15Z" name="tearDown" finished-at="2021-08-15T15:35:15Z" duration-ms="471" status="PASS">
          <reporter-output>
          </reporter-output>
        </test-method> <!-- tearDown -->
      </class> <!-- com.mystore.tests.AddToCartPageTest -->
      <class name="com.mystore.tests.IndexPageTest">
        <test-method is-config="true" signature="setUp()[pri:0, instance:com.mystore.tests.IndexPageTest@5eb2172]" started-at="2021-08-15T15:35:15Z" name="setUp" finished-at="2021-08-15T15:35:23Z" duration-ms="7885" status="PASS">
          <reporter-output>
          </reporter-output>
        </test-method> <!-- setUp -->
        <test-method signature="verifyLogo()[pri:0, instance:com.mystore.tests.IndexPageTest@5eb2172]" started-at="2021-08-15T15:35:23Z" name="verifyLogo" finished-at="2021-08-15T15:35:23Z" duration-ms="11" status="FAIL">
          <exception class="java.lang.NullPointerException">
            <message>
              <![CDATA[Cannot invoke "com.mystore.pages.IndexPage.validateLogo()" because "this.indexPage" is null]]>
            </message>
            <full-stacktrace>
              <![CDATA[java.lang.NullPointerException: Cannot invoke "com.mystore.pages.IndexPage.validateLogo()" because "this.indexPage" is null
at com.mystore.tests.IndexPageTest.verifyLogo(IndexPageTest.java:28)
at java.base/jdk.internal.reflect.NativeMethodAccessorImpl.invoke0(Native Method)
at java.base/jdk.internal.reflect.NativeMethodAccessorImpl.invoke(NativeMethodAccessorImpl.java:78)
at java.base/jdk.internal.reflect.DelegatingMethodAccessorImpl.invoke(DelegatingMethodAccessorImpl.java:43)
at java.base/java.lang.reflect.Method.invoke(Method.java:567)
at org.testng.internal.MethodInvocationHelper.invokeMethod(MethodInvocationHelper.java:124)
at org.testng.internal.Invoker.invokeMethod(Invoker.java:583)
at org.testng.internal.Invoker.invokeTestMethod(Invoker.java:719)
at org.testng.internal.Invoker.invokeTestMethods(Invoker.java:989)
at org.testng.internal.TestMethodWorker.invokeTestMethods(TestMethodWorker.java:125)
at org.testng.internal.TestMethodWorker.run(TestMethodWorker.java:109)
at org.testng.TestRunner.privateRun(TestRunner.java:648)
at org.testng.TestRunner.run(TestRunner.java:505)
at org.testng.SuiteRunner.runTest(SuiteRunner.java:455)
at org.testng.SuiteRunner.runSequentially(SuiteRunner.java:450)
at org.testng.SuiteRunner.privateRun(SuiteRunner.java:415)
at org.testng.SuiteRunner.run(SuiteRunner.java:364)
at org.testng.SuiteRunnerWorker.runSuite(SuiteRunnerWorker.java:52)
at org.testng.SuiteRunnerWorker.run(SuiteRunnerWorker.java:84)
at org.testng.TestNG.runSuitesSequentially(TestNG.java:1208)
at org.testng.TestNG.runSuitesLocally(TestNG.java:1137)
at org.testng.TestNG.runSuites(TestNG.java:1049)
at org.testng.TestNG.run(TestNG.java:1017)
at org.testng.remote.AbstractRemoteTestNG.run(AbstractRemoteTestNG.java:115)
at org.testng.remote.RemoteTestNG.initAndRun(RemoteTestNG.java:251)
at org.testng.remote.RemoteTestNG.main(RemoteTestNG.java:77)
]]>
            </full-stacktrace>
          </exception> <!-- java.lang.NullPointerException -->
          <reporter-output>
          </reporter-output>
        </test-method> <!-- verifyLogo -->
        <test-method is-config="true" signature="tearDown()[pri:0, instance:com.mystore.tests.IndexPageTest@5eb2172]" started-at="2021-08-15T15:35:23Z" name="tearDown" finished-at="2021-08-15T15:35:24Z" duration-ms="292" status="PASS">
          <reporter-output>
          </reporter-output>
        </test-method> <!-- tearDown -->
        <test-method is-config="true" signature="setUp()[pri:0, instance:com.mystore.tests.IndexPageTest@5eb2172]" started-at="2021-08-15T15:35:24Z" name="setUp" finished-at="2021-08-15T15:35:35Z" duration-ms="11010" status="PASS">
          <reporter-output>
          </reporter-output>
        </test-method> <!-- setUp -->
        <test-method signature="verifyTitle()[pri:0, instance:com.mystore.tests.IndexPageTest@5eb2172]" started-at="2021-08-15T15:35:35Z" name="verifyTitle" finished-at="2021-08-15T15:35:35Z" duration-ms="19" status="PASS">
          <reporter-output>
          </reporter-output>
        </test-method> <!-- verifyTitle -->
        <test-method is-config="true" signature="tearDown()[pri:0, instance:com.mystore.tests.IndexPageTest@5eb2172]" started-at="2021-08-15T15:35:35Z" name="tearDown" finished-at="2021-08-15T15:35:35Z" duration-ms="343" status="PASS">
          <reporter-output>
          </reporter-output>
        </test-method> <!-- tearDown -->
      </class> <!-- com.mystore.tests.IndexPageTest -->
      <class name="com.mystore.tests.EndToEndTest">
        <test-method is-config="true" signature="setUp()[pri:0, instance:com.mystore.tests.EndToEndTest@41ffaeb8]" started-at="2021-08-15T15:35:35Z" name="setUp" finished-at="2021-08-15T15:35:46Z" duration-ms="10599" status="PASS">
          <reporter-output>
          </reporter-output>
        </test-method> <!-- setUp -->
        <test-method signature="endToEndTest()[pri:0, instance:com.mystore.tests.EndToEndTest@41ffaeb8]" started-at="2021-08-15T15:35:46Z" name="endToEndTest" finished-at="2021-08-15T15:36:27Z" duration-ms="41460" status="PASS">
          <reporter-output>
          </reporter-output>
        </test-method> <!-- endToEndTest -->
        <test-method is-config="true" signature="tearDown()[pri:0, instance:com.mystore.tests.EndToEndTest@41ffaeb8]" started-at="2021-08-15T15:36:27Z" name="tearDown" finished-at="2021-08-15T15:36:27Z" duration-ms="352" status="PASS">
          <reporter-output>
          </reporter-output>
        </test-method> <!-- tearDown -->
      </class> <!-- com.mystore.tests.EndToEndTest -->
      <class name="com.mystore.tests.OrderPageTest">
        <test-method is-config="true" signature="setUp()[pri:0, instance:com.mystore.tests.OrderPageTest@43f0c2d1]" started-at="2021-08-15T15:36:27Z" name="setUp" finished-at="2021-08-15T15:36:36Z" duration-ms="8899" status="PASS">
          <reporter-output>
          </reporter-output>
        </test-method> <!-- setUp -->
        <test-method signature="verifyTotalPrice()[pri:0, instance:com.mystore.tests.OrderPageTest@43f0c2d1]" started-at="2021-08-15T15:36:36Z" name="verifyTotalPrice" finished-at="2021-08-15T15:36:45Z" duration-ms="9090" status="FAIL">
          <exception class="java.lang.AssertionError">
            <message>
              <![CDATA[expected [35.02] but found [16.51]]]>
            </message>
            <full-stacktrace>
              <![CDATA[java.lang.AssertionError: expected [35.02] but found [16.51]
at org.testng.Assert.fail(Assert.java:96)
at org.testng.Assert.failNotEquals(Assert.java:776)
at org.testng.Assert.assertEqualsImpl(Assert.java:137)
at org.testng.Assert.assertEquals(Assert.java:118)
at org.testng.Assert.assertEquals(Assert.java:442)
at com.mystore.tests.OrderPageTest.verifyTotalPrice(OrderPageTest.java:47)
at java.base/jdk.internal.reflect.NativeMethodAccessorImpl.invoke0(Native Method)
at java.base/jdk.internal.reflect.NativeMethodAccessorImpl.invoke(NativeMethodAccessorImpl.java:78)
at java.base/jdk.internal.reflect.DelegatingMethodAccessorImpl.invoke(DelegatingMethodAccessorImpl.java:43)
at java.base/java.lang.reflect.Method.invoke(Method.java:567)
at org.testng.internal.MethodInvocationHelper.invokeMethod(MethodInvocationHelper.java:124)
at org.testng.internal.Invoker.invokeMethod(Invoker.java:583)
at org.testng.internal.Invoker.invokeTestMethod(Invoker.java:719)
at org.testng.internal.Invoker.invokeTestMethods(Invoker.java:989)
at org.testng.internal.TestMethodWorker.invokeTestMethods(TestMethodWorker.java:125)
at org.testng.internal.TestMethodWorker.run(TestMethodWorker.java:109)
at org.testng.TestRunner.privateRun(TestRunner.java:648)
at org.testng.TestRunner.run(TestRunner.java:505)
at org.testng.SuiteRunner.runTest(SuiteRunner.java:455)
at org.testng.SuiteRunner.runSequentially(SuiteRunner.java:450)
at org.testng.SuiteRunner.privateRun(SuiteRunner.java:415)
at org.testng.SuiteRunner.run(SuiteRunner.java:364)
at org.testng.SuiteRunnerWorker.runSuite(SuiteRunnerWorker.java:52)
at org.testng.SuiteRunnerWorker.run(SuiteRunnerWorker.java:84)
at org.testng.TestNG.runSuitesSequentially(TestNG.java:1208)
at org.testng.TestNG.runSuitesLocally(TestNG.java:1137)
at org.testng.TestNG.runSuites(TestNG.java:1049)
at org.testng.TestNG.run(TestNG.java:1017)
at org.testng.remote.AbstractRemoteTestNG.run(AbstractRemoteTestNG.java:115)
at org.testng.remote.RemoteTestNG.initAndRun(RemoteTestNG.java:251)
at org.testng.remote.RemoteTestNG.main(RemoteTestNG.java:77)
]]>
            </full-stacktrace>
          </exception> <!-- java.lang.AssertionError -->
          <reporter-output>
          </reporter-output>
        </test-method> <!-- verifyTotalPrice -->
        <test-method is-config="true" signature="tearDown()[pri:0, instance:com.mystore.tests.OrderPageTest@43f0c2d1]" started-at="2021-08-15T15:36:45Z" name="tearDown" finished-at="2021-08-15T15:36:46Z" duration-ms="357" status="PASS">
          <reporter-output>
          </reporter-output>
        </test-method> <!-- tearDown -->
      </class> <!-- com.mystore.tests.OrderPageTest -->
      <class name="com.mystore.tests.SearchResultPageTest">
        <test-method is-config="true" signature="setUp()[pri:0, instance:com.mystore.tests.SearchResultPageTest@5fb65013]" started-at="2021-08-15T15:36:46Z" name="setUp" finished-at="2021-08-15T15:36:55Z" duration-ms="8735" status="PASS">
          <reporter-output>
          </reporter-output>
        </test-method> <!-- setUp -->
        <test-method signature="productAvailabilityTest()[pri:0, instance:com.mystore.tests.SearchResultPageTest@5fb65013]" started-at="2021-08-15T15:36:55Z" name="productAvailabilityTest" finished-at="2021-08-15T15:36:57Z" duration-ms="2065" status="PASS">
          <reporter-output>
          </reporter-output>
        </test-method> <!-- productAvailabilityTest -->
        <test-method is-config="true" signature="tearDown()[pri:0, instance:com.mystore.tests.SearchResultPageTest@5fb65013]" started-at="2021-08-15T15:36:57Z" name="tearDown" finished-at="2021-08-15T15:36:57Z" duration-ms="284" status="PASS">
          <reporter-output>
          </reporter-output>
        </test-method> <!-- tearDown -->
      </class> <!-- com.mystore.tests.SearchResultPageTest -->
      <class name="com.mystore.tests.AccountCreationPageTest">
        <test-method is-config="true" signature="setUp()[pri:0, instance:com.mystore.tests.AccountCreationPageTest@38a1a26]" started-at="2021-08-15T15:36:57Z" name="setUp" finished-at="2021-08-15T15:37:06Z" duration-ms="8947" status="PASS">
          <reporter-output>
          </reporter-output>
        </test-method> <!-- setUp -->
        <test-method signature="verifyCreateAccountPageTest()[pri:0, instance:com.mystore.tests.AccountCreationPageTest@38a1a26]" started-at="2021-08-15T15:37:06Z" name="verifyCreateAccountPageTest" finished-at="2021-08-15T15:37:12Z" duration-ms="5797" status="PASS">
          <reporter-output>
          </reporter-output>
        </test-method> <!-- verifyCreateAccountPageTest -->
        <test-method is-config="true" signature="tearDown()[pri:0, instance:com.mystore.tests.AccountCreationPageTest@38a1a26]" started-at="2021-08-15T15:37:12Z" name="tearDown" finished-at="2021-08-15T15:37:12Z" duration-ms="346" status="PASS">
          <reporter-output>
          </reporter-output>
        </test-method> <!-- tearDown -->
      </class> <!-- com.mystore.tests.AccountCreationPageTest -->
      <class name="com.mystore.tests.HomePageTest">
        <test-method is-config="true" signature="setUp()[pri:0, instance:com.mystore.tests.HomePageTest@3fbcfe81]" started-at="2021-08-15T15:37:12Z" name="setUp" finished-at="2021-08-15T15:37:22Z" duration-ms="9883" status="PASS">
          <reporter-output>
          </reporter-output>
        </test-method> <!-- setUp -->
        <test-method signature="OrderListTest()[pri:0, instance:com.mystore.tests.HomePageTest@3fbcfe81]" started-at="2021-08-15T15:37:22Z" name="OrderListTest" finished-at="2021-08-15T15:37:27Z" duration-ms="5246" status="PASS">
          <reporter-output>
          </reporter-output>
        </test-method> <!-- OrderListTest -->
        <test-method is-config="true" signature="tearDown()[pri:0, instance:com.mystore.tests.HomePageTest@3fbcfe81]" started-at="2021-08-15T15:37:27Z" name="tearDown" finished-at="2021-08-15T15:37:27Z" duration-ms="315" status="PASS">
          <reporter-output>
          </reporter-output>
        </test-method> <!-- tearDown -->
        <test-method is-config="true" signature="setUp()[pri:0, instance:com.mystore.tests.HomePageTest@3fbcfe81]" started-at="2021-08-15T15:37:27Z" name="setUp" finished-at="2021-08-15T15:37:36Z" duration-ms="8265" status="PASS">
          <reporter-output>
          </reporter-output>
        </test-method> <!-- setUp -->
        <test-method signature="wishListTest()[pri:0, instance:com.mystore.tests.HomePageTest@3fbcfe81]" started-at="2021-08-15T15:37:36Z" name="wishListTest" finished-at="2021-08-15T15:37:44Z" duration-ms="8582" status="PASS">
          <reporter-output>
          </reporter-output>
        </test-method> <!-- wishListTest -->
        <test-method is-config="true" signature="tearDown()[pri:0, instance:com.mystore.tests.HomePageTest@3fbcfe81]" started-at="2021-08-15T15:37:44Z" name="tearDown" finished-at="2021-08-15T15:37:45Z" duration-ms="312" status="PASS">
          <reporter-output>
          </reporter-output>
        </test-method> <!-- tearDown -->
      </class> <!-- com.mystore.tests.HomePageTest -->
      <class name="com.mystore.tests.LoginPageTest">
        <test-method is-config="true" signature="setUp()[pri:0, instance:com.mystore.tests.LoginPageTest@7a1f45ed]" started-at="2021-08-15T15:37:45Z" name="setUp" finished-at="2021-08-15T15:37:54Z" duration-ms="9262" status="PASS">
          <reporter-output>
          </reporter-output>
        </test-method> <!-- setUp -->
        <test-method signature="loginTest()[pri:0, instance:com.mystore.tests.LoginPageTest@7a1f45ed]" started-at="2021-08-15T15:37:54Z" name="loginTest" finished-at="2021-08-15T15:38:03Z" duration-ms="8902" status="PASS">
          <reporter-output>
          </reporter-output>
        </test-method> <!-- loginTest -->
        <test-method is-config="true" signature="tearDown()[pri:0, instance:com.mystore.tests.LoginPageTest@7a1f45ed]" started-at="2021-08-15T15:38:03Z" name="tearDown" finished-at="2021-08-15T15:38:03Z" duration-ms="313" status="PASS">
          <reporter-output>
          </reporter-output>
        </test-method> <!-- tearDown -->
      </class> <!-- com.mystore.tests.LoginPageTest -->
    </test> <!-- Default test -->
  </suite> <!-- Default suite -->
</testng-results>
